0 info it worked if it ends with ok
1 verbose cli [ '/home/alberto/.nvm/v0.11.10/bin/node',
1 verbose cli   '/home/alberto/.nvm/v0.11.10/bin/npm',
1 verbose cli   'start' ]
2 info using npm@1.3.22
3 info using node@v0.11.10
4 verbose run-script [ 'prestart', 'start', 'poststart' ]
5 info prestart site-35distrito@
6 info start site-35distrito@
7 verbose unsafe-perm in lifecycle true
8 info site-35distrito@ Failed to exec start script
9 error site-35distrito@ start: `node scripts/web-server.js`
9 error Exit status 1
10 error Failed at the site-35distrito@ start script.
10 error This is most likely a problem with the site-35distrito package,
10 error not with npm itself.
10 error Tell the author that this fails on your system:
10 error     node scripts/web-server.js
10 error You can get their info via:
10 error     npm owner ls site-35distrito
10 error There is likely additional logging output above.
11 error System Linux 3.11.0-18-generic
12 error command "/home/alberto/.nvm/v0.11.10/bin/node" "/home/alberto/.nvm/v0.11.10/bin/npm" "start"
13 error cwd /home/alberto/Work/node/sitedistrito
14 error node -v v0.11.10
15 error npm -v 1.3.22
16 error code ELIFECYCLE
17 verbose exit [ 1, true ]
